<?xml version="1.0" encoding="UTF-8"?>
<testng-results skipped="0" failed="0" ignored="0" total="1" passed="1">
  <reporter-output>
  </reporter-output>
  <suite name="Default suite" duration-ms="29090" started-at="2018-04-29T17:02:51Z" finished-at="2018-04-29T17:03:20Z">
    <groups>
    </groups>
    <test name="Default test" duration-ms="29090" started-at="2018-04-29T17:02:51Z" finished-at="2018-04-29T17:03:20Z">
      <class name="testcases.TC006_BuySunglass">
        <test-method status="PASS" signature="beforeSuite()[pri:0, instance:testcases.TC006_BuySunglass@159c4b8]" name="beforeSuite" is-config="true" duration-ms="688" started-at="2018-04-29T22:32:51Z" finished-at="2018-04-29T22:32:51Z">
          <reporter-output>
          </reporter-output>
        </test-method> <!-- beforeSuite -->
        <test-method status="PASS" signature="beforeClass()[pri:0, instance:testcases.TC006_BuySunglass@159c4b8]" name="beforeClass" is-config="true" duration-ms="0" started-at="2018-04-29T22:32:51Z" finished-at="2018-04-29T22:32:51Z">
          <reporter-output>
          </reporter-output>
        </test-method> <!-- beforeClass -->
        <test-method status="PASS" signature="setData()[pri:0, instance:testcases.TC006_BuySunglass@159c4b8]" name="setData" is-config="true" duration-ms="0" started-at="2018-04-29T22:32:51Z" finished-at="2018-04-29T22:32:51Z">
          <reporter-output>
          </reporter-output>
        </test-method> <!-- setData -->
        <test-method status="PASS" signature="beforeMethod()[pri:0, instance:testcases.TC006_BuySunglass@159c4b8]" name="beforeMethod" is-config="true" duration-ms="10901" started-at="2018-04-29T22:32:51Z" finished-at="2018-04-29T22:33:02Z">
          <reporter-output>
          </reporter-output>
        </test-method> <!-- beforeMethod -->
        <test-method status="PASS" signature="login()[pri:0, instance:testcases.TC006_BuySunglass@159c4b8]" name="login" duration-ms="17283" started-at="2018-04-29T22:33:02Z" finished-at="2018-04-29T22:33:20Z">
          <reporter-output>
          </reporter-output>
        </test-method> <!-- login -->
        <test-method status="PASS" signature="afterMethod()[pri:0, instance:testcases.TC006_BuySunglass@159c4b8]" name="afterMethod" is-config="true" duration-ms="891" started-at="2018-04-29T22:33:20Z" finished-at="2018-04-29T22:33:20Z">
          <reporter-output>
          </reporter-output>
        </test-method> <!-- afterMethod -->
        <test-method status="PASS" signature="afterTest()[pri:0, instance:testcases.TC006_BuySunglass@159c4b8]" name="afterTest" is-config="true" duration-ms="0" started-at="2018-04-29T22:33:20Z" finished-at="2018-04-29T22:33:20Z">
          <reporter-output>
          </reporter-output>
        </test-method> <!-- afterTest -->
        <test-method status="PASS" signature="afterSuite()[pri:0, instance:testcases.TC006_BuySunglass@159c4b8]" name="afterSuite" is-config="true" duration-ms="453" started-at="2018-04-29T22:33:21Z" finished-at="2018-04-29T22:33:21Z">
          <reporter-output>
          </reporter-output>
        </test-method> <!-- afterSuite -->
      </class> <!-- testcases.TC006_BuySunglass -->
    </test> <!-- Default test -->
  </suite> <!-- Default suite -->
</testng-results>
