<?xml version="1.0" encoding="UTF-8"?>
<testng-results skipped="0" failed="0" ignored="0" total="1" passed="1">
  <reporter-output>
  </reporter-output>
  <suite name="Default suite" duration-ms="37199" started-at="2018-04-15T12:32:04Z" finished-at="2018-04-15T12:32:41Z">
    <groups>
    </groups>
    <test name="Default test" duration-ms="37199" started-at="2018-04-15T12:32:04Z" finished-at="2018-04-15T12:32:41Z">
      <class name="week5day1.Leaftaps">
        <test-method status="PASS" signature="login()[pri:0, instance:week5day1.Leaftaps@67ae56]" name="login" duration-ms="37065" started-at="2018-04-15T12:32:04Z" finished-at="2018-04-15T12:32:41Z">
          <reporter-output>
          </reporter-output>
        </test-method> <!-- login -->
      </class> <!-- week5day1.Leaftaps -->
    </test> <!-- Default test -->
  </suite> <!-- Default suite -->
</testng-results>
