<?xml version="1.0" encoding="UTF-8"?>
<!-- Generated by org.testng.reporters.JUnitXMLReporter -->
<testsuite hostname="chandru-PC" ignored="0" name="Test(failed)" tests="2" failures="1" timestamp="31 Mar 2018 05:46:15 GMT" time="61.727" errors="0">
  <testcase name="main" time="46.238" classname="week2day2.DeleteLead">
    <failure type="java.lang.RuntimeException">
      <![CDATA[java.lang.RuntimeException
at wdMethods.SeMethods.locateElement(SeMethods.java:87)
at week2day2.DeleteLead.main(DeleteLead.java:11)
... Removed 25 stack frames]]>
    </failure>
  </testcase> <!-- main -->
  <testcase name="main" time="15.411" classname="week2day2.CreateLead"/>
</testsuite> <!-- Test(failed) -->
